<?xml version="1.0" encoding="UTF-8"?>
<!-- Generated by org.testng.reporters.JUnitXMLReporter -->
<testsuite hostname="ATMECSINLT-283" ignored="4" name="Test" tests="191" failures="13" timestamp="2019-09-30T20:15:18 IST" time="113.674" errors="0">
  <testcase name="clickHome" time="3.084" classname="com.atmecs.script.HomeAboutusFooterScript"/>
  <testcase name="homefooterValidate" time="0.053" classname="com.atmecs.script.HomeAboutusFooterScript"/>
  <testcase name="homefooterValidate" time="0.048" classname="com.atmecs.script.HomeAboutusFooterScript"/>
  <testcase name="homefooterValidate" time="0.041" classname="com.atmecs.script.HomeAboutusFooterScript"/>
  <testcase name="homefooterValidate" time="0.045" classname="com.atmecs.script.HomeAboutusFooterScript"/>
  <testcase name="homefooterValidate" time="0.043" classname="com.atmecs.script.HomeAboutusFooterScript"/>
  <testcase name="homefooterValidate" time="0.043" classname="com.atmecs.script.HomeAboutusFooterScript"/>
  <testcase name="homefooterValidate" time="0.037" classname="com.atmecs.script.HomeAboutusFooterScript"/>
  <testcase name="homefooterValidate" time="0.033" classname="com.atmecs.script.HomeAboutusFooterScript"/>
  <testcase name="homefooterValidate" time="0.031" classname="com.atmecs.script.HomeAboutusFooterScript"/>
  <testcase name="homefooterValidate" time="0.035" classname="com.atmecs.script.HomeAboutusFooterScript"/>
  <testcase name="homefooterValidate" time="0.043" classname="com.atmecs.script.HomeAboutusFooterScript"/>
  <testcase name="homefooterValidate" time="0.038" classname="com.atmecs.script.HomeAboutusFooterScript"/>
  <testcase name="homefooterValidate" time="0.038" classname="com.atmecs.script.HomeAboutusFooterScript"/>
  <testcase name="homefooterValidate" time="0.032" classname="com.atmecs.script.HomeAboutusFooterScript"/>
  <testcase name="homefooterValidate" time="0.037" classname="com.atmecs.script.HomeAboutusFooterScript"/>
  <testcase name="homefooterValidate" time="0.036" classname="com.atmecs.script.HomeAboutusFooterScript"/>
  <testcase name="homefooterValidate" time="0.037" classname="com.atmecs.script.HomeAboutusFooterScript"/>
  <testcase name="homefooterValidate" time="0.033" classname="com.atmecs.script.HomeAboutusFooterScript"/>
  <testcase name="homefooterValidate" time="0.038" classname="com.atmecs.script.HomeAboutusFooterScript"/>
  <testcase name="homefooterValidate" time="0.032" classname="com.atmecs.script.HomeAboutusFooterScript"/>
  <testcase name="homefooterValidate" time="0.035" classname="com.atmecs.script.HomeAboutusFooterScript"/>
  <testcase name="clickOnAbout" time="2.536" classname="com.atmecs.script.HomeAboutusFooterScript"/>
  <testcase name="aboutUsFooter" time="0.049" classname="com.atmecs.script.HomeAboutusFooterScript"/>
  <testcase name="aboutUsFooter" time="0.038" classname="com.atmecs.script.HomeAboutusFooterScript"/>
  <testcase name="aboutUsFooter" time="0.047" classname="com.atmecs.script.HomeAboutusFooterScript"/>
  <testcase name="aboutUsFooter" time="0.036" classname="com.atmecs.script.HomeAboutusFooterScript"/>
  <testcase name="aboutUsFooter" time="0.038" classname="com.atmecs.script.HomeAboutusFooterScript"/>
  <testcase name="aboutUsFooter" time="0.034" classname="com.atmecs.script.HomeAboutusFooterScript"/>
  <testcase name="aboutUsFooter" time="0.035" classname="com.atmecs.script.HomeAboutusFooterScript"/>
  <testcase name="aboutUsFooter" time="0.028" classname="com.atmecs.script.HomeAboutusFooterScript"/>
  <testcase name="aboutUsFooter" time="0.042" classname="com.atmecs.script.HomeAboutusFooterScript"/>
  <testcase name="aboutUsFooter" time="0.044" classname="com.atmecs.script.HomeAboutusFooterScript"/>
  <testcase name="aboutUsFooter" time="0.035" classname="com.atmecs.script.HomeAboutusFooterScript"/>
  <testcase name="aboutUsFooter" time="0.03" classname="com.atmecs.script.HomeAboutusFooterScript"/>
  <testcase name="aboutUsFooter" time="0.031" classname="com.atmecs.script.HomeAboutusFooterScript"/>
  <testcase name="aboutUsFooter" time="0.024" classname="com.atmecs.script.HomeAboutusFooterScript"/>
  <testcase name="aboutUsFooter" time="0.033" classname="com.atmecs.script.HomeAboutusFooterScript"/>
  <testcase name="aboutUsFooter" time="0.036" classname="com.atmecs.script.HomeAboutusFooterScript"/>
  <testcase name="aboutUsFooter" time="0.039" classname="com.atmecs.script.HomeAboutusFooterScript"/>
  <testcase name="aboutUsFooter" time="0.038" classname="com.atmecs.script.HomeAboutusFooterScript"/>
  <testcase name="aboutUsFooter" time="0.034" classname="com.atmecs.script.HomeAboutusFooterScript"/>
  <testcase name="aboutUsFooter" time="0.033" classname="com.atmecs.script.HomeAboutusFooterScript"/>
  <testcase name="aboutUsFooter" time="0.034" classname="com.atmecs.script.HomeAboutusFooterScript"/>
  <testcase name="clickOnInsight" time="0.105" classname="com.atmecs.script.ServicePartnerMediaScript"/>
  <testcase name="ValiadteInsightFooter" time="0.053" classname="com.atmecs.script.ServicePartnerMediaScript"/>
  <testcase name="ValiadteInsightFooter" time="0.031" classname="com.atmecs.script.ServicePartnerMediaScript"/>
  <testcase name="ValiadteInsightFooter" time="0.03" classname="com.atmecs.script.ServicePartnerMediaScript"/>
  <testcase name="ValiadteInsightFooter" time="0.038" classname="com.atmecs.script.ServicePartnerMediaScript"/>
  <testcase name="ValiadteInsightFooter" time="0.028" classname="com.atmecs.script.ServicePartnerMediaScript"/>
  <testcase name="ValiadteInsightFooter" time="0.026" classname="com.atmecs.script.ServicePartnerMediaScript"/>
  <testcase name="ValiadteInsightFooter" time="0.035" classname="com.atmecs.script.ServicePartnerMediaScript"/>
  <testcase name="ValiadteInsightFooter" time="0.032" classname="com.atmecs.script.ServicePartnerMediaScript"/>
  <testcase name="ValiadteInsightFooter" time="0.038" classname="com.atmecs.script.ServicePartnerMediaScript"/>
  <testcase name="ValiadteInsightFooter" time="0.031" classname="com.atmecs.script.ServicePartnerMediaScript"/>
  <testcase name="ValiadteInsightFooter" time="0.033" classname="com.atmecs.script.ServicePartnerMediaScript"/>
  <testcase name="ValiadteInsightFooter" time="0.038" classname="com.atmecs.script.ServicePartnerMediaScript"/>
  <testcase name="ValiadteInsightFooter" time="0.036" classname="com.atmecs.script.ServicePartnerMediaScript"/>
  <testcase name="ValiadteInsightFooter" time="0.027" classname="com.atmecs.script.ServicePartnerMediaScript"/>
  <testcase name="ValiadteInsightFooter" time="0.033" classname="com.atmecs.script.ServicePartnerMediaScript"/>
  <testcase name="ValiadteInsightFooter" time="0.041" classname="com.atmecs.script.ServicePartnerMediaScript"/>
  <testcase name="ValiadteInsightFooter" time="0.022" classname="com.atmecs.script.ServicePartnerMediaScript"/>
  <testcase name="ValiadteInsightFooter" time="0.026" classname="com.atmecs.script.ServicePartnerMediaScript"/>
  <testcase name="ValiadteInsightFooter" time="0.027" classname="com.atmecs.script.ServicePartnerMediaScript"/>
  <testcase name="ValiadteInsightFooter" time="0.023" classname="com.atmecs.script.ServicePartnerMediaScript"/>
  <testcase name="ValiadteInsightFooter" time="0.027" classname="com.atmecs.script.ServicePartnerMediaScript"/>
  <testcase name="clickOnCarrer" time="3.438" classname="com.atmecs.script.ServicePartnerMediaScript"/>
  <testcase name="ValidateInsight" time="0.046" classname="com.atmecs.script.ServicePartnerMediaScript"/>
  <testcase name="ValidateInsight" time="0.047" classname="com.atmecs.script.ServicePartnerMediaScript"/>
  <testcase name="ValidateInsight" time="0.036" classname="com.atmecs.script.ServicePartnerMediaScript"/>
  <testcase name="ValidateInsight" time="0.039" classname="com.atmecs.script.ServicePartnerMediaScript"/>
  <testcase name="ValidateInsight" time="0.042" classname="com.atmecs.script.ServicePartnerMediaScript"/>
  <testcase name="ValidateInsight" time="0.034" classname="com.atmecs.script.ServicePartnerMediaScript"/>
  <testcase name="ValidateInsight" time="0.034" classname="com.atmecs.script.ServicePartnerMediaScript"/>
  <testcase name="ValidateInsight" time="0.021" classname="com.atmecs.script.ServicePartnerMediaScript"/>
  <testcase name="ValidateInsight" time="0.023" classname="com.atmecs.script.ServicePartnerMediaScript"/>
  <testcase name="ValidateInsight" time="0.032" classname="com.atmecs.script.ServicePartnerMediaScript"/>
  <testcase name="ValidateInsight" time="0.039" classname="com.atmecs.script.ServicePartnerMediaScript"/>
  <testcase name="ValidateInsight" time="0.033" classname="com.atmecs.script.ServicePartnerMediaScript"/>
  <testcase name="ValidateInsight" time="0.032" classname="com.atmecs.script.ServicePartnerMediaScript"/>
  <testcase name="ValidateInsight" time="0.025" classname="com.atmecs.script.ServicePartnerMediaScript"/>
  <testcase name="ValidateInsight" time="0.032" classname="com.atmecs.script.ServicePartnerMediaScript"/>
  <testcase name="ValidateInsight" time="0.04" classname="com.atmecs.script.ServicePartnerMediaScript"/>
  <testcase name="ValidateInsight" time="0.04" classname="com.atmecs.script.ServicePartnerMediaScript"/>
  <testcase name="ValidateInsight" time="0.037" classname="com.atmecs.script.ServicePartnerMediaScript"/>
  <testcase name="ValidateInsight" time="0.038" classname="com.atmecs.script.ServicePartnerMediaScript"/>
  <testcase name="ValidateInsight" time="0.033" classname="com.atmecs.script.ServicePartnerMediaScript"/>
  <testcase name="ValidateInsight" time="0.033" classname="com.atmecs.script.ServicePartnerMediaScript"/>
  <testcase name="clickOnContactUs" time="3.645" classname="com.atmecs.script.ServicePartnerMediaScript"/>
  <testcase name="validateContactus" time="0.051" classname="com.atmecs.script.ServicePartnerMediaScript"/>
  <testcase name="validateContactus" time="0.054" classname="com.atmecs.script.ServicePartnerMediaScript"/>
  <testcase name="validateContactus" time="0.054" classname="com.atmecs.script.ServicePartnerMediaScript"/>
  <testcase name="validateContactus" time="0.053" classname="com.atmecs.script.ServicePartnerMediaScript"/>
  <testcase name="validateContactus" time="0.045" classname="com.atmecs.script.ServicePartnerMediaScript"/>
  <testcase name="validateContactus" time="0.05" classname="com.atmecs.script.ServicePartnerMediaScript"/>
  <testcase name="validateContactus" time="0.05" classname="com.atmecs.script.ServicePartnerMediaScript"/>
  <testcase name="validateContactus" time="0.041" classname="com.atmecs.script.ServicePartnerMediaScript"/>
  <testcase name="validateContactus" time="0.044" classname="com.atmecs.script.ServicePartnerMediaScript"/>
  <testcase name="validateContactus" time="0.05" classname="com.atmecs.script.ServicePartnerMediaScript"/>
  <testcase name="validateContactus" time="0.052" classname="com.atmecs.script.ServicePartnerMediaScript"/>
  <testcase name="validateContactus" time="0.052" classname="com.atmecs.script.ServicePartnerMediaScript"/>
  <testcase name="validateContactus" time="0.05" classname="com.atmecs.script.ServicePartnerMediaScript"/>
  <testcase name="validateContactus" time="0.04" classname="com.atmecs.script.ServicePartnerMediaScript"/>
  <testcase name="validateContactus" time="0.046" classname="com.atmecs.script.ServicePartnerMediaScript"/>
  <testcase name="validateContactus" time="0.048" classname="com.atmecs.script.ServicePartnerMediaScript"/>
  <testcase name="validateContactus" time="0.051" classname="com.atmecs.script.ServicePartnerMediaScript"/>
  <testcase name="validateContactus" time="0.053" classname="com.atmecs.script.ServicePartnerMediaScript"/>
  <testcase name="validateContactus" time="0.051" classname="com.atmecs.script.ServicePartnerMediaScript"/>
  <testcase name="validateContactus" time="0.048" classname="com.atmecs.script.ServicePartnerMediaScript"/>
  <testcase name="validateContactus" time="0.047" classname="com.atmecs.script.ServicePartnerMediaScript"/>
  <testcase name="clickOnServices" time="7.34" classname="com.atmecs.script.InsightCarrerContactScript"/>
  <testcase name="servicesFooterValidate" time="0.063" classname="com.atmecs.script.InsightCarrerContactScript"/>
  <testcase name="servicesFooterValidate" time="0.076" classname="com.atmecs.script.InsightCarrerContactScript"/>
  <testcase name="servicesFooterValidate" time="0.036" classname="com.atmecs.script.InsightCarrerContactScript"/>
  <testcase name="servicesFooterValidate" time="0.03" classname="com.atmecs.script.InsightCarrerContactScript"/>
  <testcase name="servicesFooterValidate" time="0.037" classname="com.atmecs.script.InsightCarrerContactScript"/>
  <testcase name="servicesFooterValidate" time="0.041" classname="com.atmecs.script.InsightCarrerContactScript"/>
  <testcase name="servicesFooterValidate" time="0.04" classname="com.atmecs.script.InsightCarrerContactScript"/>
  <testcase name="servicesFooterValidate" time="0.028" classname="com.atmecs.script.InsightCarrerContactScript"/>
  <testcase name="servicesFooterValidate" time="0.029" classname="com.atmecs.script.InsightCarrerContactScript"/>
  <testcase name="servicesFooterValidate" time="0.038" classname="com.atmecs.script.InsightCarrerContactScript"/>
  <testcase name="servicesFooterValidate" time="0.042" classname="com.atmecs.script.InsightCarrerContactScript"/>
  <testcase name="servicesFooterValidate" time="0.038" classname="com.atmecs.script.InsightCarrerContactScript"/>
  <testcase name="servicesFooterValidate" time="0.038" classname="com.atmecs.script.InsightCarrerContactScript"/>
  <testcase name="servicesFooterValidate" time="0.027" classname="com.atmecs.script.InsightCarrerContactScript"/>
  <testcase name="servicesFooterValidate" time="0.034" classname="com.atmecs.script.InsightCarrerContactScript"/>
  <testcase name="servicesFooterValidate" time="0.036" classname="com.atmecs.script.InsightCarrerContactScript"/>
  <testcase name="servicesFooterValidate" time="0.038" classname="com.atmecs.script.InsightCarrerContactScript"/>
  <testcase name="servicesFooterValidate" time="0.034" classname="com.atmecs.script.InsightCarrerContactScript"/>
  <testcase name="servicesFooterValidate" time="0.036" classname="com.atmecs.script.InsightCarrerContactScript"/>
  <testcase name="servicesFooterValidate" time="0.031" classname="com.atmecs.script.InsightCarrerContactScript"/>
  <testcase name="servicesFooterValidate" time="0.031" classname="com.atmecs.script.InsightCarrerContactScript"/>
  <testcase name="clickOnPartner" time="3.195" classname="com.atmecs.script.InsightCarrerContactScript"/>
  <testcase name="partnerValidate" time="0.048" classname="com.atmecs.script.InsightCarrerContactScript"/>
  <testcase name="partnerValidate" time="0.042" classname="com.atmecs.script.InsightCarrerContactScript"/>
  <testcase name="partnerValidate" time="0.036" classname="com.atmecs.script.InsightCarrerContactScript"/>
  <testcase name="partnerValidate" time="0.035" classname="com.atmecs.script.InsightCarrerContactScript"/>
  <testcase name="partnerValidate" time="0.031" classname="com.atmecs.script.InsightCarrerContactScript"/>
  <testcase name="partnerValidate" time="0.033" classname="com.atmecs.script.InsightCarrerContactScript"/>
  <testcase name="partnerValidate" time="0.032" classname="com.atmecs.script.InsightCarrerContactScript"/>
  <testcase name="partnerValidate" time="0.026" classname="com.atmecs.script.InsightCarrerContactScript"/>
  <testcase name="partnerValidate" time="0.025" classname="com.atmecs.script.InsightCarrerContactScript"/>
  <testcase name="partnerValidate" time="0.034" classname="com.atmecs.script.InsightCarrerContactScript"/>
  <testcase name="partnerValidate" time="0.05" classname="com.atmecs.script.InsightCarrerContactScript"/>
  <testcase name="partnerValidate" time="0.036" classname="com.atmecs.script.InsightCarrerContactScript"/>
  <testcase name="partnerValidate" time="0.034" classname="com.atmecs.script.InsightCarrerContactScript"/>
  <testcase name="partnerValidate" time="0.025" classname="com.atmecs.script.InsightCarrerContactScript"/>
  <testcase name="partnerValidate" time="0.034" classname="com.atmecs.script.InsightCarrerContactScript"/>
  <testcase name="partnerValidate" time="0.037" classname="com.atmecs.script.InsightCarrerContactScript"/>
  <testcase name="partnerValidate" time="0.032" classname="com.atmecs.script.InsightCarrerContactScript"/>
  <testcase name="partnerValidate" time="0.031" classname="com.atmecs.script.InsightCarrerContactScript"/>
  <testcase name="partnerValidate" time="0.031" classname="com.atmecs.script.InsightCarrerContactScript"/>
  <testcase name="partnerValidate" time="0.033" classname="com.atmecs.script.InsightCarrerContactScript"/>
  <testcase name="partnerValidate" time="0.033" classname="com.atmecs.script.InsightCarrerContactScript"/>
  <testcase name="clickOnMedia" time="0.068" classname="com.atmecs.script.InsightCarrerContactScript"/>
  <testcase name="mediaValidate" time="0.028" classname="com.atmecs.script.InsightCarrerContactScript"/>
  <testcase name="mediaValidate" time="0.023" classname="com.atmecs.script.InsightCarrerContactScript"/>
  <testcase name="mediaValidate" time="0.022" classname="com.atmecs.script.InsightCarrerContactScript"/>
  <testcase name="mediaValidate" time="0.023" classname="com.atmecs.script.InsightCarrerContactScript"/>
  <testcase name="mediaValidate" time="0.027" classname="com.atmecs.script.InsightCarrerContactScript"/>
  <testcase name="mediaValidate" time="0.026" classname="com.atmecs.script.InsightCarrerContactScript"/>
  <testcase name="mediaValidate" time="0.026" classname="com.atmecs.script.InsightCarrerContactScript"/>
  <testcase name="mediaValidate" time="0.024" classname="com.atmecs.script.InsightCarrerContactScript"/>
  <testcase name="mediaValidate" time="0.024" classname="com.atmecs.script.InsightCarrerContactScript"/>
  <testcase name="mediaValidate" time="0.052" classname="com.atmecs.script.InsightCarrerContactScript"/>
  <testcase name="mediaValidate" time="0.027" classname="com.atmecs.script.InsightCarrerContactScript"/>
  <testcase name="mediaValidate" time="0.028" classname="com.atmecs.script.InsightCarrerContactScript"/>
  <testcase name="mediaValidate" time="0.025" classname="com.atmecs.script.InsightCarrerContactScript"/>
  <testcase name="mediaValidate" time="0.025" classname="com.atmecs.script.InsightCarrerContactScript"/>
  <testcase name="mediaValidate" time="0.026" classname="com.atmecs.script.InsightCarrerContactScript"/>
  <testcase name="mediaValidate" time="0.033" classname="com.atmecs.script.InsightCarrerContactScript"/>
  <testcase name="mediaValidate" time="0.026" classname="com.atmecs.script.InsightCarrerContactScript"/>
  <testcase name="mediaValidate" time="0.034" classname="com.atmecs.script.InsightCarrerContactScript"/>
  <testcase name="mediaValidate" time="0.024" classname="com.atmecs.script.InsightCarrerContactScript"/>
  <testcase name="mediaValidate" time="0.034" classname="com.atmecs.script.InsightCarrerContactScript"/>
  <testcase name="mediaValidate" time="0.028" classname="com.atmecs.script.InsightCarrerContactScript"/>
  <testcase name="hoverOnServices" time="0.48" classname="com.atmecs.script.ServicesContextMenu"/>
  <testcase name="validateSubmenu" time="0.046" classname="com.atmecs.script.ServicesContextMenu">
    <failure type="java.lang.AssertionError" message="footer is not present expected [Artificial Intelligence / Machine Learning] but found []">
      <![CDATA[java.lang.AssertionError: footer is not present expected [Artificial Intelligence / Machine Learning] but found []
at com.atmecs.pages.HomeFooterValidateMethod.validatesubserviecs(HomeFooterValidateMethod.java:28)
at com.atmecs.script.ServicesContextMenu.validateSubmenu(ServicesContextMenu.java:23)
at java.util.ArrayList.forEach(Unknown Source)
... Removed 31 stack frames]]>
    </failure>
  </testcase> <!-- validateSubmenu -->
  <testcase name="validateSubmenu" time="0.043" classname="com.atmecs.script.ServicesContextMenu">
    <failure type="java.lang.AssertionError" message="footer is not present expected [Augmented Reality / Virtual Reality] but found []">
      <![CDATA[java.lang.AssertionError: footer is not present expected [Augmented Reality / Virtual Reality] but found []
at com.atmecs.pages.HomeFooterValidateMethod.validatesubserviecs(HomeFooterValidateMethod.java:28)
at com.atmecs.script.ServicesContextMenu.validateSubmenu(ServicesContextMenu.java:23)
at java.util.ArrayList.forEach(Unknown Source)
... Removed 31 stack frames]]>
    </failure>
  </testcase> <!-- validateSubmenu -->
  <testcase name="validateSubmenu" time="0.045" classname="com.atmecs.script.ServicesContextMenu">
    <failure type="java.lang.AssertionError" message="footer is not present expected [Robotic Process Automation &amp;amp; ChatBOTs] but found []">
      <![CDATA[java.lang.AssertionError: footer is not present expected [Robotic Process Automation & ChatBOTs] but found []
at com.atmecs.pages.HomeFooterValidateMethod.validatesubserviecs(HomeFooterValidateMethod.java:28)
at com.atmecs.script.ServicesContextMenu.validateSubmenu(ServicesContextMenu.java:23)
at java.util.ArrayList.forEach(Unknown Source)
... Removed 31 stack frames]]>
    </failure>
  </testcase> <!-- validateSubmenu -->
  <testcase name="validateSubmenu" time="0.045" classname="com.atmecs.script.ServicesContextMenu">
    <failure type="java.lang.AssertionError" message="footer is not present expected [Internet of Things] but found []">
      <![CDATA[java.lang.AssertionError: footer is not present expected [Internet of Things] but found []
at com.atmecs.pages.HomeFooterValidateMethod.validatesubserviecs(HomeFooterValidateMethod.java:28)
at com.atmecs.script.ServicesContextMenu.validateSubmenu(ServicesContextMenu.java:23)
at java.util.ArrayList.forEach(Unknown Source)
... Removed 31 stack frames]]>
    </failure>
  </testcase> <!-- validateSubmenu -->
  <testcase name="validateSubmenu" time="0.053" classname="com.atmecs.script.ServicesContextMenu">
    <failure type="java.lang.AssertionError" message="footer is not present expected [Blockchain] but found []">
      <![CDATA[java.lang.AssertionError: footer is not present expected [Blockchain] but found []
at com.atmecs.pages.HomeFooterValidateMethod.validatesubserviecs(HomeFooterValidateMethod.java:28)
at com.atmecs.script.ServicesContextMenu.validateSubmenu(ServicesContextMenu.java:23)
at java.util.ArrayList.forEach(Unknown Source)
... Removed 31 stack frames]]>
    </failure>
  </testcase> <!-- validateSubmenu -->
  <testcase name="infrastructureservice" time="0.18" classname="com.atmecs.script.ServicesContextMenu"/>
  <testcase name="validateInfraServices" time="0.032" classname="com.atmecs.script.ServicesContextMenu">
    <failure type="java.lang.AssertionError" message="footer is not present expected [Infrastructure Management] but found []">
      <![CDATA[java.lang.AssertionError: footer is not present expected [Infrastructure Management] but found []
at com.atmecs.pages.HomeFooterValidateMethod.validatesubserviecs(HomeFooterValidateMethod.java:28)
at com.atmecs.script.ServicesContextMenu.validateInfraServices(ServicesContextMenu.java:38)
at java.util.ArrayList.forEach(Unknown Source)
... Removed 31 stack frames]]>
    </failure>
  </testcase> <!-- validateInfraServices -->
  <testcase name="validateInfraServices" time="0.031" classname="com.atmecs.script.ServicesContextMenu">
    <failure type="java.lang.AssertionError" message="footer is not present expected [Cloud Infrastructure] but found []">
      <![CDATA[java.lang.AssertionError: footer is not present expected [Cloud Infrastructure] but found []
at com.atmecs.pages.HomeFooterValidateMethod.validatesubserviecs(HomeFooterValidateMethod.java:28)
at com.atmecs.script.ServicesContextMenu.validateInfraServices(ServicesContextMenu.java:38)
at java.util.ArrayList.forEach(Unknown Source)
... Removed 31 stack frames]]>
    </failure>
  </testcase> <!-- validateInfraServices -->
  <testcase name="validateInfraServices" time="0.035" classname="com.atmecs.script.ServicesContextMenu">
    <failure type="java.lang.AssertionError" message="footer is not present expected [Devops] but found []">
      <![CDATA[java.lang.AssertionError: footer is not present expected [Devops] but found []
at com.atmecs.pages.HomeFooterValidateMethod.validatesubserviecs(HomeFooterValidateMethod.java:28)
at com.atmecs.script.ServicesContextMenu.validateInfraServices(ServicesContextMenu.java:38)
at java.util.ArrayList.forEach(Unknown Source)
... Removed 31 stack frames]]>
    </failure>
  </testcase> <!-- validateInfraServices -->
  <testcase name="validateInfraServices" time="0.035" classname="com.atmecs.script.ServicesContextMenu">
    <failure type="java.lang.AssertionError" message="footer is not present expected [NOC Services] but found []">
      <![CDATA[java.lang.AssertionError: footer is not present expected [NOC Services] but found []
at com.atmecs.pages.HomeFooterValidateMethod.validatesubserviecs(HomeFooterValidateMethod.java:28)
at com.atmecs.script.ServicesContextMenu.validateInfraServices(ServicesContextMenu.java:38)
at java.util.ArrayList.forEach(Unknown Source)
... Removed 31 stack frames]]>
    </failure>
  </testcase> <!-- validateInfraServices -->
  <testcase name="validateInfraServices" time="0.037" classname="com.atmecs.script.ServicesContextMenu">
    <failure type="java.lang.AssertionError" message="footer is not present expected [Data Center Management] but found []">
      <![CDATA[java.lang.AssertionError: footer is not present expected [Data Center Management] but found []
at com.atmecs.pages.HomeFooterValidateMethod.validatesubserviecs(HomeFooterValidateMethod.java:28)
at com.atmecs.script.ServicesContextMenu.validateInfraServices(ServicesContextMenu.java:38)
at java.util.ArrayList.forEach(Unknown Source)
... Removed 31 stack frames]]>
    </failure>
  </testcase> <!-- validateInfraServices -->
  <testcase name="hoverOnSight" time="0.345" classname="com.atmecs.script.FinalBlogScript">
    <failure type="org.openqa.selenium.ElementNotInteractableException" message="Element &amp;lt;a href=&amp;quot;http://www.atmecs.com/blogs/&amp;quot;&amp;gt; could not be scrolled into view
Build info: version: &amp;apos;4.0.0-alpha-2&amp;apos;, revision: &amp;apos;f148142cf8&amp;apos;, time: &amp;apos;2019-07-01T20:55:26&amp;apos;
System info: host: &amp;apos;ATMECSINLT-283&amp;apos;, ip: &amp;apos;55.55.52.215&amp;apos;, os.name: &amp;apos;Windows 10&amp;apos;, os.arch: &amp;apos;amd64&amp;apos;, os.version: &amp;apos;10.0&amp;apos;, java.version: &amp;apos;1.8.0_221&amp;apos;
Driver info: org.openqa.selenium.firefox.FirefoxDriver
Capabilities {acceptInsecureCerts: true, browserName: firefox, browserVersion: 69.0.1, javascriptEnabled: true, moz:accessibilityChecks: false, moz:buildID: 20190917135527, moz:geckodriverVersion: 0.24.0, moz:headless: false, moz:processID: 13020, moz:profile: C:\Users\mohit.jaiswal\AppD..., moz:shutdownTimeout: 60000, moz:useNonSpecCompliantPointerOrigin: false, moz:webdriverClick: true, pageLoadStrategy: normal, platform: WINDOWS, platformName: WINDOWS, platformVersion: 10.0, rotatable: false, setWindowRect: true, strictFileInteractability: false, timeouts: {implicit: 0, pageLoad: 300000, script: 30000}, unhandledPromptBehavior: dismiss and notify}
Session ID: db7f8e03-75ee-4118-9dc5-1e5665ea17b6">
      <![CDATA[org.openqa.selenium.ElementNotInteractableException: Element <a href="http://www.atmecs.com/blogs/"> could not be scrolled into view
Build info: version: '4.0.0-alpha-2', revision: 'f148142cf8', time: '2019-07-01T20:55:26'
System info: host: 'ATMECSINLT-283', ip: '55.55.52.215', os.name: 'Windows 10', os.arch: 'amd64', os.version: '10.0', java.version: '1.8.0_221'
Driver info: org.openqa.selenium.firefox.FirefoxDriver
Capabilities {acceptInsecureCerts: true, browserName: firefox, browserVersion: 69.0.1, javascriptEnabled: true, moz:accessibilityChecks: false, moz:buildID: 20190917135527, moz:geckodriverVersion: 0.24.0, moz:headless: false, moz:processID: 13020, moz:profile: C:\Users\mohit.jaiswal\AppD..., moz:shutdownTimeout: 60000, moz:useNonSpecCompliantPointerOrigin: false, moz:webdriverClick: true, pageLoadStrategy: normal, platform: WINDOWS, platformName: WINDOWS, platformVersion: 10.0, rotatable: false, setWindowRect: true, strictFileInteractability: false, timeouts: {implicit: 0, pageLoad: 300000, script: 30000}, unhandledPromptBehavior: dismiss and notify}
Session ID: db7f8e03-75ee-4118-9dc5-1e5665ea17b6
at org.openqa.selenium.remote.codec.w3c.W3CHttpResponseCodec.createException(W3CHttpResponseCodec.java:191)
at org.openqa.selenium.remote.codec.w3c.W3CHttpResponseCodec.decode(W3CHttpResponseCodec.java:125)
at org.openqa.selenium.remote.codec.w3c.W3CHttpResponseCodec.decode(W3CHttpResponseCodec.java:52)
at org.openqa.selenium.remote.HttpCommandExecutor.execute(HttpCommandExecutor.java:161)
at org.openqa.selenium.remote.service.DriverCommandExecutor.execute(DriverCommandExecutor.java:83)
at org.openqa.selenium.remote.RemoteWebDriver.execute(RemoteWebDriver.java:576)
at org.openqa.selenium.remote.RemoteWebElement.execute(RemoteWebElement.java:308)
at org.openqa.selenium.remote.RemoteWebElement.click(RemoteWebElement.java:83)
at com.atmecs.helper.CommonUtility$1.apply(CommonUtility.java:36)
at com.atmecs.helper.CommonUtility$1.apply(CommonUtility.java:1)
at org.openqa.selenium.support.ui.FluentWait.until(FluentWait.java:211)
at com.atmecs.helper.CommonUtility.clickElement(CommonUtility.java:33)
at com.atmecs.pages.BlogPages.blog(BlogPages.java:33)
at com.atmecs.script.FinalBlogScript.hoverOnSight(FinalBlogScript.java:17)
at java.util.ArrayList.forEach(Unknown Source)
... Removed 31 stack frames]]>
    </failure>
  </testcase> <!-- hoverOnSight -->
  <testcase name="validateBlog" time="30.057" classname="com.atmecs.script.FinalBlogScript">
    <failure type="org.openqa.selenium.NoSuchElementException" message="Unable to locate element: (//h1[contains(.,&amp;apos;Debunking Myths about AI&amp;apos;)])[2]
For documentation on this error, please visit: https://www.seleniumhq.org/exceptions/no_such_element.html
Build info: version: &amp;apos;4.0.0-alpha-2&amp;apos;, revision: &amp;apos;f148142cf8&amp;apos;, time: &amp;apos;2019-07-01T20:55:26&amp;apos;
System info: host: &amp;apos;ATMECSINLT-283&amp;apos;, ip: &amp;apos;55.55.52.215&amp;apos;, os.name: &amp;apos;Windows 10&amp;apos;, os.arch: &amp;apos;amd64&amp;apos;, os.version: &amp;apos;10.0&amp;apos;, java.version: &amp;apos;1.8.0_221&amp;apos;
Driver info: org.openqa.selenium.firefox.FirefoxDriver
Capabilities {acceptInsecureCerts: true, browserName: firefox, browserVersion: 69.0.1, javascriptEnabled: true, moz:accessibilityChecks: false, moz:buildID: 20190917135527, moz:geckodriverVersion: 0.24.0, moz:headless: false, moz:processID: 13020, moz:profile: C:\Users\mohit.jaiswal\AppD..., moz:shutdownTimeout: 60000, moz:useNonSpecCompliantPointerOrigin: false, moz:webdriverClick: true, pageLoadStrategy: normal, platform: WINDOWS, platformName: WINDOWS, platformVersion: 10.0, rotatable: false, setWindowRect: true, strictFileInteractability: false, timeouts: {implicit: 0, pageLoad: 300000, script: 30000}, unhandledPromptBehavior: dismiss and notify}
Session ID: db7f8e03-75ee-4118-9dc5-1e5665ea17b6
*** Element info: {Using=xpath, value=(//h1[contains(.,&amp;apos;Debunking Myths about AI&amp;apos;)])[2]}">
      <![CDATA[org.openqa.selenium.NoSuchElementException: Unable to locate element: (//h1[contains(.,'Debunking Myths about AI')])[2]
For documentation on this error, please visit: https://www.seleniumhq.org/exceptions/no_such_element.html
Build info: version: '4.0.0-alpha-2', revision: 'f148142cf8', time: '2019-07-01T20:55:26'
System info: host: 'ATMECSINLT-283', ip: '55.55.52.215', os.name: 'Windows 10', os.arch: 'amd64', os.version: '10.0', java.version: '1.8.0_221'
Driver info: org.openqa.selenium.firefox.FirefoxDriver
Capabilities {acceptInsecureCerts: true, browserName: firefox, browserVersion: 69.0.1, javascriptEnabled: true, moz:accessibilityChecks: false, moz:buildID: 20190917135527, moz:geckodriverVersion: 0.24.0, moz:headless: false, moz:processID: 13020, moz:profile: C:\Users\mohit.jaiswal\AppD..., moz:shutdownTimeout: 60000, moz:useNonSpecCompliantPointerOrigin: false, moz:webdriverClick: true, pageLoadStrategy: normal, platform: WINDOWS, platformName: WINDOWS, platformVersion: 10.0, rotatable: false, setWindowRect: true, strictFileInteractability: false, timeouts: {implicit: 0, pageLoad: 300000, script: 30000}, unhandledPromptBehavior: dismiss and notify}
Session ID: db7f8e03-75ee-4118-9dc5-1e5665ea17b6
*** Element info: {Using=xpath, value=(//h1[contains(.,'Debunking Myths about AI')])[2]}
at org.openqa.selenium.remote.codec.w3c.W3CHttpResponseCodec.createException(W3CHttpResponseCodec.java:191)
at org.openqa.selenium.remote.codec.w3c.W3CHttpResponseCodec.decode(W3CHttpResponseCodec.java:125)
at org.openqa.selenium.remote.codec.w3c.W3CHttpResponseCodec.decode(W3CHttpResponseCodec.java:52)
at org.openqa.selenium.remote.HttpCommandExecutor.execute(HttpCommandExecutor.java:161)
at org.openqa.selenium.remote.service.DriverCommandExecutor.execute(DriverCommandExecutor.java:83)
at org.openqa.selenium.remote.RemoteWebDriver.execute(RemoteWebDriver.java:576)
at org.openqa.selenium.remote.RemoteWebDriver.findElement(RemoteWebDriver.java:327)
at org.openqa.selenium.remote.RemoteWebDriver.findElementByXPath(RemoteWebDriver.java:445)
at org.openqa.selenium.By$ByXPath.findElement(By.java:353)
at org.openqa.selenium.remote.RemoteWebDriver.findElement(RemoteWebDriver.java:319)
at com.atmecs.helper.CommonUtility$4.apply(CommonUtility.java:107)
at com.atmecs.helper.CommonUtility$4.apply(CommonUtility.java:1)
at org.openqa.selenium.support.ui.FluentWait.until(FluentWait.java:211)
at com.atmecs.helper.CommonUtility.getText(CommonUtility.java:105)
at com.atmecs.pages.ValidateBlog.validateBlogTitle(ValidateBlog.java:36)
at com.atmecs.script.FinalBlogScript.validateBlog(FinalBlogScript.java:23)
at java.util.ArrayList.forEach(Unknown Source)
... Removed 31 stack frames]]>
    </failure>
  </testcase> <!-- validateBlog -->
  <testcase name="clickSumit" time="30.095" classname="com.atmecs.script.FinalBlogScript">
    <failure type="org.openqa.selenium.NoSuchElementException" message="Unable to locate element: //input[contains(@id,&amp;apos;submit&amp;apos;)]
For documentation on this error, please visit: https://www.seleniumhq.org/exceptions/no_such_element.html
Build info: version: &amp;apos;4.0.0-alpha-2&amp;apos;, revision: &amp;apos;f148142cf8&amp;apos;, time: &amp;apos;2019-07-01T20:55:26&amp;apos;
System info: host: &amp;apos;ATMECSINLT-283&amp;apos;, ip: &amp;apos;55.55.52.215&amp;apos;, os.name: &amp;apos;Windows 10&amp;apos;, os.arch: &amp;apos;amd64&amp;apos;, os.version: &amp;apos;10.0&amp;apos;, java.version: &amp;apos;1.8.0_221&amp;apos;
Driver info: org.openqa.selenium.firefox.FirefoxDriver
Capabilities {acceptInsecureCerts: true, browserName: firefox, browserVersion: 69.0.1, javascriptEnabled: true, moz:accessibilityChecks: false, moz:buildID: 20190917135527, moz:geckodriverVersion: 0.24.0, moz:headless: false, moz:processID: 13020, moz:profile: C:\Users\mohit.jaiswal\AppD..., moz:shutdownTimeout: 60000, moz:useNonSpecCompliantPointerOrigin: false, moz:webdriverClick: true, pageLoadStrategy: normal, platform: WINDOWS, platformName: WINDOWS, platformVersion: 10.0, rotatable: false, setWindowRect: true, strictFileInteractability: false, timeouts: {implicit: 0, pageLoad: 300000, script: 30000}, unhandledPromptBehavior: dismiss and notify}
Session ID: db7f8e03-75ee-4118-9dc5-1e5665ea17b6
*** Element info: {Using=xpath, value=//input[contains(@id,&amp;apos;submit&amp;apos;)]}">
      <![CDATA[org.openqa.selenium.NoSuchElementException: Unable to locate element: //input[contains(@id,'submit')]
For documentation on this error, please visit: https://www.seleniumhq.org/exceptions/no_such_element.html
Build info: version: '4.0.0-alpha-2', revision: 'f148142cf8', time: '2019-07-01T20:55:26'
System info: host: 'ATMECSINLT-283', ip: '55.55.52.215', os.name: 'Windows 10', os.arch: 'amd64', os.version: '10.0', java.version: '1.8.0_221'
Driver info: org.openqa.selenium.firefox.FirefoxDriver
Capabilities {acceptInsecureCerts: true, browserName: firefox, browserVersion: 69.0.1, javascriptEnabled: true, moz:accessibilityChecks: false, moz:buildID: 20190917135527, moz:geckodriverVersion: 0.24.0, moz:headless: false, moz:processID: 13020, moz:profile: C:\Users\mohit.jaiswal\AppD..., moz:shutdownTimeout: 60000, moz:useNonSpecCompliantPointerOrigin: false, moz:webdriverClick: true, pageLoadStrategy: normal, platform: WINDOWS, platformName: WINDOWS, platformVersion: 10.0, rotatable: false, setWindowRect: true, strictFileInteractability: false, timeouts: {implicit: 0, pageLoad: 300000, script: 30000}, unhandledPromptBehavior: dismiss and notify}
Session ID: db7f8e03-75ee-4118-9dc5-1e5665ea17b6
*** Element info: {Using=xpath, value=//input[contains(@id,'submit')]}
at org.openqa.selenium.remote.codec.w3c.W3CHttpResponseCodec.createException(W3CHttpResponseCodec.java:191)
at org.openqa.selenium.remote.codec.w3c.W3CHttpResponseCodec.decode(W3CHttpResponseCodec.java:125)
at org.openqa.selenium.remote.codec.w3c.W3CHttpResponseCodec.decode(W3CHttpResponseCodec.java:52)
at org.openqa.selenium.remote.HttpCommandExecutor.execute(HttpCommandExecutor.java:161)
at org.openqa.selenium.remote.service.DriverCommandExecutor.execute(DriverCommandExecutor.java:83)
at org.openqa.selenium.remote.RemoteWebDriver.execute(RemoteWebDriver.java:576)
at org.openqa.selenium.remote.RemoteWebDriver.findElement(RemoteWebDriver.java:327)
at org.openqa.selenium.remote.RemoteWebDriver.findElementByXPath(RemoteWebDriver.java:445)
at org.openqa.selenium.By$ByXPath.findElement(By.java:353)
at org.openqa.selenium.remote.RemoteWebDriver.findElement(RemoteWebDriver.java:319)
at com.atmecs.helper.CommonUtility$1.apply(CommonUtility.java:35)
at com.atmecs.helper.CommonUtility$1.apply(CommonUtility.java:1)
at org.openqa.selenium.support.ui.FluentWait.until(FluentWait.java:211)
at com.atmecs.helper.CommonUtility.clickElement(CommonUtility.java:33)
at com.atmecs.pages.BlogPages.clickSubmit(BlogPages.java:46)
at com.atmecs.script.FinalBlogScript.clickSumit(FinalBlogScript.java:35)
at java.util.ArrayList.forEach(Unknown Source)
... Removed 31 stack frames]]>
    </failure>
  </testcase> <!-- clickSumit -->
  <testcase name="@BeforeTest configSetup" time="0.0" classname="com.atmecs.driver.Driver_Class">
    <ignored/>
  </testcase> <!-- @BeforeTest configSetup -->
  <testcase name="@BeforeTest configSetup" time="0.0" classname="com.atmecs.driver.Driver_Class">
    <ignored/>
  </testcase> <!-- @BeforeTest configSetup -->
  <testcase name="@BeforeTest configSetup" time="0.0" classname="com.atmecs.driver.Driver_Class">
    <ignored/>
  </testcase> <!-- @BeforeTest configSetup -->
  <testcase name="@BeforeTest configSetup" time="0.0" classname="com.atmecs.driver.Driver_Class">
    <ignored/>
  </testcase> <!-- @BeforeTest configSetup -->
</testsuite> <!-- Test -->
